2020-九月-28 18:09:40.298 DEBUG [main] i.m.c.u.i.l.InternalLoggerFactory - Using SLF4J as the default logging framework
2020-九月-28 18:09:40.322 DEBUG [main] c.n.h.s.HystrixPlugins - Created HystrixDynamicProperties. Using class : com.netflix.hystrix.strategy.properties.archaius.HystrixDynamicPropertiesArchaius
2020-九月-28 18:09:41.522 DEBUG [main] c.n.d.e.EndpointUtils - The availability zone for the given region us-east-1 are [defaultZone]
2020-九月-28 18:09:41.776 DEBUG [main] c.n.d.s.t.j.AbstractJerseyEurekaHttpClient - Created client for url: http://localhost:10000/eureka/
2020-九月-28 18:10:00.000 DEBUG [Eureka-CacheFillTimer] c.n.e.r.ResponseCacheImpl - Updating the client cache from response cache
2020-九月-28 18:10:08.965 DEBUG [SpringContextShutdownHook] c.n.d.s.MonitoredConnectionManager - Closing connections idle longer than 0 SECONDS
2020-九月-28 18:10:08.965 DEBUG [SpringContextShutdownHook] c.n.d.s.NamedConnectionPool - Closing connections idle longer than 0 SECONDS
2020-九月-28 18:10:08.966 DEBUG [SpringContextShutdownHook] c.n.d.s.MonitoredConnectionManager - Shutting down
2020-九月-28 18:10:12.836 DEBUG [main] i.m.c.u.i.l.InternalLoggerFactory - Using SLF4J as the default logging framework
2020-九月-28 18:10:12.860 DEBUG [main] c.n.h.s.HystrixPlugins - Created HystrixDynamicProperties. Using class : com.netflix.hystrix.strategy.properties.archaius.HystrixDynamicPropertiesArchaius
2020-九月-28 18:10:14.126 DEBUG [main] c.n.d.e.EndpointUtils - The availability zone for the given region us-east-1 are [defaultZone]
2020-九月-28 18:10:14.380 DEBUG [main] c.n.d.s.t.j.AbstractJerseyEurekaHttpClient - Created client for url: http://localhost:10000/eureka/
2020-九月-28 18:10:30.000 DEBUG [Eureka-CacheFillTimer] c.n.e.r.ResponseCacheImpl - Updating the client cache from response cache
2020-九月-28 18:10:44.379 DEBUG [Apache-HttpClient-Conn-Cleaner2] c.n.d.s.MonitoredConnectionManager - Closing connections idle longer than 30 SECONDS
2020-九月-28 18:10:44.379 DEBUG [Apache-HttpClient-Conn-Cleaner2] c.n.d.s.NamedConnectionPool - Closing connections idle longer than 30 SECONDS
2020-九月-28 18:11:00.001 DEBUG [Eureka-CacheFillTimer] c.n.e.r.ResponseCacheImpl - Updating the client cache from response cache
2020-九月-28 18:11:14.380 DEBUG [Apache-HttpClient-Conn-Cleaner2] c.n.d.s.MonitoredConnectionManager - Closing connections idle longer than 30 SECONDS
2020-九月-28 18:11:14.380 DEBUG [Apache-HttpClient-Conn-Cleaner2] c.n.d.s.NamedConnectionPool - Closing connections idle longer than 30 SECONDS
2020-九月-28 18:11:14.471 DEBUG [Eureka-EvictionTimer] c.n.e.r.AbstractInstanceRegistry - Running the evict task
2020-九月-28 18:11:14.471 DEBUG [Eureka-EvictionTimer] c.n.e.r.AbstractInstanceRegistry - DS: lease expiration is currently disabled.
2020-九月-28 18:11:30.001 DEBUG [Eureka-CacheFillTimer] c.n.e.r.ResponseCacheImpl - Updating the client cache from response cache
2020-九月-28 18:11:44.382 DEBUG [Apache-HttpClient-Conn-Cleaner2] c.n.d.s.MonitoredConnectionManager - Closing connections idle longer than 30 SECONDS
2020-九月-28 18:11:44.382 DEBUG [Apache-HttpClient-Conn-Cleaner2] c.n.d.s.NamedConnectionPool - Closing connections idle longer than 30 SECONDS
2020-九月-28 18:12:00.022 DEBUG [Eureka-CacheFillTimer] c.n.e.r.ResponseCacheImpl - Updating the client cache from response cache
2020-九月-28 18:12:14.383 DEBUG [Apache-HttpClient-Conn-Cleaner2] c.n.d.s.MonitoredConnectionManager - Closing connections idle longer than 30 SECONDS
2020-九月-28 18:12:14.383 DEBUG [Apache-HttpClient-Conn-Cleaner2] c.n.d.s.NamedConnectionPool - Closing connections idle longer than 30 SECONDS
2020-九月-28 18:12:14.471 DEBUG [Eureka-EvictionTimer] c.n.e.r.AbstractInstanceRegistry - Running the evict task
2020-九月-28 18:12:14.471 DEBUG [Eureka-EvictionTimer] c.n.e.r.AbstractInstanceRegistry - DS: lease expiration is currently disabled.
2020-九月-28 18:12:30.022 DEBUG [Eureka-CacheFillTimer] c.n.e.r.ResponseCacheImpl - Updating the client cache from response cache
2020-九月-28 18:12:43.990 DEBUG [SpringContextShutdownHook] c.n.d.s.MonitoredConnectionManager - Closing connections idle longer than 0 SECONDS
2020-九月-28 18:12:43.990 DEBUG [SpringContextShutdownHook] c.n.d.s.NamedConnectionPool - Closing connections idle longer than 0 SECONDS
2020-九月-28 18:12:43.991 DEBUG [SpringContextShutdownHook] c.n.d.s.MonitoredConnectionManager - Shutting down
2020-九月-28 18:12:48.974 DEBUG [main] i.m.c.u.i.l.InternalLoggerFactory - Using SLF4J as the default logging framework
2020-九月-28 18:12:48.999 DEBUG [main] c.n.h.s.HystrixPlugins - Created HystrixDynamicProperties. Using class : com.netflix.hystrix.strategy.properties.archaius.HystrixDynamicPropertiesArchaius
2020-九月-28 18:12:50.232 DEBUG [main] c.n.d.e.EndpointUtils - The availability zone for the given region us-east-1 are [defaultZone]
2020-九月-28 18:12:50.485 DEBUG [main] c.n.d.s.t.j.AbstractJerseyEurekaHttpClient - Created client for url: http://localhost:10000/eureka/
2020-九月-28 18:13:00.000 DEBUG [Eureka-CacheFillTimer] c.n.e.r.ResponseCacheImpl - Updating the client cache from response cache
2020-九月-28 18:13:20.484 DEBUG [Apache-HttpClient-Conn-Cleaner2] c.n.d.s.MonitoredConnectionManager - Closing connections idle longer than 30 SECONDS
2020-九月-28 18:13:20.485 DEBUG [Apache-HttpClient-Conn-Cleaner2] c.n.d.s.NamedConnectionPool - Closing connections idle longer than 30 SECONDS
2020-九月-28 18:13:30.001 DEBUG [Eureka-CacheFillTimer] c.n.e.r.ResponseCacheImpl - Updating the client cache from response cache
2020-九月-28 18:13:50.486 DEBUG [Apache-HttpClient-Conn-Cleaner2] c.n.d.s.MonitoredConnectionManager - Closing connections idle longer than 30 SECONDS
2020-九月-28 18:13:50.486 DEBUG [Apache-HttpClient-Conn-Cleaner2] c.n.d.s.NamedConnectionPool - Closing connections idle longer than 30 SECONDS
2020-九月-28 18:13:50.580 DEBUG [Eureka-EvictionTimer] c.n.e.r.AbstractInstanceRegistry - Running the evict task
2020-九月-28 18:13:50.580 DEBUG [Eureka-EvictionTimer] c.n.e.r.AbstractInstanceRegistry - DS: lease expiration is currently disabled.
2020-九月-28 18:14:00.001 DEBUG [Eureka-CacheFillTimer] c.n.e.r.ResponseCacheImpl - Updating the client cache from response cache
2020-九月-28 18:14:10.948 DEBUG [SpringContextShutdownHook] c.n.d.s.MonitoredConnectionManager - Closing connections idle longer than 0 SECONDS
2020-九月-28 18:14:10.948 DEBUG [SpringContextShutdownHook] c.n.d.s.NamedConnectionPool - Closing connections idle longer than 0 SECONDS
2020-九月-28 18:14:10.948 DEBUG [SpringContextShutdownHook] c.n.d.s.MonitoredConnectionManager - Shutting down
2020-九月-28 18:14:15.064 DEBUG [main] i.m.c.u.i.l.InternalLoggerFactory - Using SLF4J as the default logging framework
2020-九月-28 18:14:15.088 DEBUG [main] c.n.h.s.HystrixPlugins - Created HystrixDynamicProperties. Using class : com.netflix.hystrix.strategy.properties.archaius.HystrixDynamicPropertiesArchaius
2020-九月-28 18:14:16.332 DEBUG [main] c.n.d.e.EndpointUtils - The availability zone for the given region us-east-1 are [defaultZone]
2020-九月-28 18:14:16.618 DEBUG [main] c.n.d.s.t.j.AbstractJerseyEurekaHttpClient - Created client for url: http://localhost:10000/eureka/
2020-九月-28 18:14:30.001 DEBUG [Eureka-CacheFillTimer] c.n.e.r.ResponseCacheImpl - Updating the client cache from response cache
2020-九月-28 18:14:46.617 DEBUG [Apache-HttpClient-Conn-Cleaner2] c.n.d.s.MonitoredConnectionManager - Closing connections idle longer than 30 SECONDS
2020-九月-28 18:14:46.618 DEBUG [Apache-HttpClient-Conn-Cleaner2] c.n.d.s.NamedConnectionPool - Closing connections idle longer than 30 SECONDS
2020-九月-28 18:15:00.001 DEBUG [Eureka-CacheFillTimer] c.n.e.r.ResponseCacheImpl - Updating the client cache from response cache
2020-九月-28 18:15:16.620 DEBUG [Apache-HttpClient-Conn-Cleaner2] c.n.d.s.MonitoredConnectionManager - Closing connections idle longer than 30 SECONDS
2020-九月-28 18:15:16.620 DEBUG [Apache-HttpClient-Conn-Cleaner2] c.n.d.s.NamedConnectionPool - Closing connections idle longer than 30 SECONDS
2020-九月-28 18:15:16.711 DEBUG [Eureka-EvictionTimer] c.n.e.r.AbstractInstanceRegistry - Running the evict task
2020-九月-28 18:15:16.711 DEBUG [Eureka-EvictionTimer] c.n.e.r.AbstractInstanceRegistry - DS: lease expiration is currently disabled.
2020-九月-28 18:15:30.002 DEBUG [Eureka-CacheFillTimer] c.n.e.r.ResponseCacheImpl - Updating the client cache from response cache
2020-九月-28 18:15:46.621 DEBUG [Apache-HttpClient-Conn-Cleaner2] c.n.d.s.MonitoredConnectionManager - Closing connections idle longer than 30 SECONDS
2020-九月-28 18:15:46.621 DEBUG [Apache-HttpClient-Conn-Cleaner2] c.n.d.s.NamedConnectionPool - Closing connections idle longer than 30 SECONDS
2020-九月-28 18:16:00.002 DEBUG [Eureka-CacheFillTimer] c.n.e.r.ResponseCacheImpl - Updating the client cache from response cache
2020-九月-28 18:16:16.623 DEBUG [Apache-HttpClient-Conn-Cleaner2] c.n.d.s.MonitoredConnectionManager - Closing connections idle longer than 30 SECONDS
2020-九月-28 18:16:16.623 DEBUG [Apache-HttpClient-Conn-Cleaner2] c.n.d.s.NamedConnectionPool - Closing connections idle longer than 30 SECONDS
2020-九月-28 18:16:16.712 DEBUG [Eureka-EvictionTimer] c.n.e.r.AbstractInstanceRegistry - Running the evict task
2020-九月-28 18:16:16.712 DEBUG [Eureka-EvictionTimer] c.n.e.r.AbstractInstanceRegistry - DS: lease expiration is currently disabled.
2020-九月-28 18:16:30.003 DEBUG [Eureka-CacheFillTimer] c.n.e.r.ResponseCacheImpl - Updating the client cache from response cache
2020-九月-28 18:16:46.624 DEBUG [Apache-HttpClient-Conn-Cleaner2] c.n.d.s.MonitoredConnectionManager - Closing connections idle longer than 30 SECONDS
2020-九月-28 18:16:46.624 DEBUG [Apache-HttpClient-Conn-Cleaner2] c.n.d.s.NamedConnectionPool - Closing connections idle longer than 30 SECONDS
2020-九月-28 18:17:00.004 DEBUG [Eureka-CacheFillTimer] c.n.e.r.ResponseCacheImpl - Updating the client cache from response cache
2020-九月-28 18:17:03.235 DEBUG [SpringContextShutdownHook] c.n.d.s.MonitoredConnectionManager - Closing connections idle longer than 0 SECONDS
2020-九月-28 18:17:03.235 DEBUG [SpringContextShutdownHook] c.n.d.s.NamedConnectionPool - Closing connections idle longer than 0 SECONDS
2020-九月-28 18:17:03.236 DEBUG [SpringContextShutdownHook] c.n.d.s.MonitoredConnectionManager - Shutting down
2020-九月-28 18:17:08.430 DEBUG [main] i.m.c.u.i.l.InternalLoggerFactory - Using SLF4J as the default logging framework
2020-九月-28 18:17:08.453 DEBUG [main] c.n.h.s.HystrixPlugins - Created HystrixDynamicProperties. Using class : com.netflix.hystrix.strategy.properties.archaius.HystrixDynamicPropertiesArchaius
2020-九月-28 18:17:09.767 DEBUG [main] c.n.d.e.EndpointUtils - The availability zone for the given region us-east-1 are [defaultZone]
2020-九月-28 18:17:10.026 DEBUG [main] c.n.d.s.t.j.AbstractJerseyEurekaHttpClient - Created client for url: http://localhost:10000/eureka/
2020-九月-28 18:17:30.001 DEBUG [Eureka-CacheFillTimer] c.n.e.r.ResponseCacheImpl - Updating the client cache from response cache
2020-九月-28 18:17:40.027 DEBUG [Apache-HttpClient-Conn-Cleaner2] c.n.d.s.MonitoredConnectionManager - Closing connections idle longer than 30 SECONDS
2020-九月-28 18:17:40.028 DEBUG [Apache-HttpClient-Conn-Cleaner2] c.n.d.s.NamedConnectionPool - Closing connections idle longer than 30 SECONDS
2020-九月-28 18:18:00.001 DEBUG [Eureka-CacheFillTimer] c.n.e.r.ResponseCacheImpl - Updating the client cache from response cache
2020-九月-28 18:18:10.030 DEBUG [Apache-HttpClient-Conn-Cleaner2] c.n.d.s.MonitoredConnectionManager - Closing connections idle longer than 30 SECONDS
2020-九月-28 18:18:10.030 DEBUG [Apache-HttpClient-Conn-Cleaner2] c.n.d.s.NamedConnectionPool - Closing connections idle longer than 30 SECONDS
2020-九月-28 18:18:10.128 DEBUG [Eureka-EvictionTimer] c.n.e.r.AbstractInstanceRegistry - Running the evict task
2020-九月-28 18:18:10.128 DEBUG [Eureka-EvictionTimer] c.n.e.r.AbstractInstanceRegistry - DS: lease expiration is currently disabled.
2020-九月-28 18:18:30.001 DEBUG [Eureka-CacheFillTimer] c.n.e.r.ResponseCacheImpl - Updating the client cache from response cache
2020-九月-28 18:18:40.031 DEBUG [Apache-HttpClient-Conn-Cleaner2] c.n.d.s.MonitoredConnectionManager - Closing connections idle longer than 30 SECONDS
2020-九月-28 18:18:40.031 DEBUG [Apache-HttpClient-Conn-Cleaner2] c.n.d.s.NamedConnectionPool - Closing connections idle longer than 30 SECONDS
2020-九月-28 18:19:00.001 DEBUG [Eureka-CacheFillTimer] c.n.e.r.ResponseCacheImpl - Updating the client cache from response cache
2020-九月-28 18:19:10.032 DEBUG [Apache-HttpClient-Conn-Cleaner2] c.n.d.s.MonitoredConnectionManager - Closing connections idle longer than 30 SECONDS
2020-九月-28 18:19:10.032 DEBUG [Apache-HttpClient-Conn-Cleaner2] c.n.d.s.NamedConnectionPool - Closing connections idle longer than 30 SECONDS
2020-九月-28 18:19:10.129 DEBUG [Eureka-EvictionTimer] c.n.e.r.AbstractInstanceRegistry - Running the evict task
2020-九月-28 18:19:10.129 DEBUG [Eureka-EvictionTimer] c.n.e.r.AbstractInstanceRegistry - DS: lease expiration is currently disabled.
2020-九月-28 18:19:30.001 DEBUG [Eureka-CacheFillTimer] c.n.e.r.ResponseCacheImpl - Updating the client cache from response cache
2020-九月-28 18:19:40.034 DEBUG [Apache-HttpClient-Conn-Cleaner2] c.n.d.s.MonitoredConnectionManager - Closing connections idle longer than 30 SECONDS
2020-九月-28 18:19:40.034 DEBUG [Apache-HttpClient-Conn-Cleaner2] c.n.d.s.NamedConnectionPool - Closing connections idle longer than 30 SECONDS
2020-九月-28 18:20:00.002 DEBUG [Eureka-CacheFillTimer] c.n.e.r.ResponseCacheImpl - Updating the client cache from response cache
2020-九月-28 18:20:10.035 DEBUG [Apache-HttpClient-Conn-Cleaner2] c.n.d.s.MonitoredConnectionManager - Closing connections idle longer than 30 SECONDS
2020-九月-28 18:20:10.035 DEBUG [Apache-HttpClient-Conn-Cleaner2] c.n.d.s.NamedConnectionPool - Closing connections idle longer than 30 SECONDS
2020-九月-28 18:20:10.129 DEBUG [Eureka-EvictionTimer] c.n.e.r.AbstractInstanceRegistry - Running the evict task
2020-九月-28 18:20:10.129 DEBUG [Eureka-EvictionTimer] c.n.e.r.AbstractInstanceRegistry - DS: lease expiration is currently disabled.
2020-九月-28 18:20:30.002 DEBUG [Eureka-CacheFillTimer] c.n.e.r.ResponseCacheImpl - Updating the client cache from response cache
2020-九月-28 18:20:40.036 DEBUG [Apache-HttpClient-Conn-Cleaner2] c.n.d.s.MonitoredConnectionManager - Closing connections idle longer than 30 SECONDS
2020-九月-28 18:20:40.036 DEBUG [Apache-HttpClient-Conn-Cleaner2] c.n.d.s.NamedConnectionPool - Closing connections idle longer than 30 SECONDS
2020-九月-28 18:21:00.003 DEBUG [Eureka-CacheFillTimer] c.n.e.r.ResponseCacheImpl - Updating the client cache from response cache
2020-九月-28 18:21:10.037 DEBUG [Apache-HttpClient-Conn-Cleaner2] c.n.d.s.MonitoredConnectionManager - Closing connections idle longer than 30 SECONDS
2020-九月-28 18:21:10.037 DEBUG [Apache-HttpClient-Conn-Cleaner2] c.n.d.s.NamedConnectionPool - Closing connections idle longer than 30 SECONDS
2020-九月-28 18:21:10.130 DEBUG [Eureka-EvictionTimer] c.n.e.r.AbstractInstanceRegistry - Running the evict task
2020-九月-28 18:21:10.130 DEBUG [Eureka-EvictionTimer] c.n.e.r.AbstractInstanceRegistry - DS: lease expiration is currently disabled.
2020-九月-28 18:21:30.003 DEBUG [Eureka-CacheFillTimer] c.n.e.r.ResponseCacheImpl - Updating the client cache from response cache
2020-九月-28 18:21:40.039 DEBUG [Apache-HttpClient-Conn-Cleaner2] c.n.d.s.MonitoredConnectionManager - Closing connections idle longer than 30 SECONDS
2020-九月-28 18:21:40.039 DEBUG [Apache-HttpClient-Conn-Cleaner2] c.n.d.s.NamedConnectionPool - Closing connections idle longer than 30 SECONDS
2020-九月-28 18:22:00.004 DEBUG [Eureka-CacheFillTimer] c.n.e.r.ResponseCacheImpl - Updating the client cache from response cache
2020-九月-28 18:22:10.041 DEBUG [Apache-HttpClient-Conn-Cleaner2] c.n.d.s.MonitoredConnectionManager - Closing connections idle longer than 30 SECONDS
2020-九月-28 18:22:10.041 DEBUG [Apache-HttpClient-Conn-Cleaner2] c.n.d.s.NamedConnectionPool - Closing connections idle longer than 30 SECONDS
2020-九月-28 18:22:10.130 DEBUG [Eureka-EvictionTimer] c.n.e.r.AbstractInstanceRegistry - Running the evict task
2020-九月-28 18:22:10.130 DEBUG [Eureka-EvictionTimer] c.n.e.r.AbstractInstanceRegistry - DS: lease expiration is currently disabled.
2020-九月-28 18:22:30.004 DEBUG [Eureka-CacheFillTimer] c.n.e.r.ResponseCacheImpl - Updating the client cache from response cache
2020-九月-28 18:22:40.043 DEBUG [Apache-HttpClient-Conn-Cleaner2] c.n.d.s.MonitoredConnectionManager - Closing connections idle longer than 30 SECONDS
2020-九月-28 18:22:40.043 DEBUG [Apache-HttpClient-Conn-Cleaner2] c.n.d.s.NamedConnectionPool - Closing connections idle longer than 30 SECONDS
2020-九月-28 18:23:00.005 DEBUG [Eureka-CacheFillTimer] c.n.e.r.ResponseCacheImpl - Updating the client cache from response cache
2020-九月-28 18:23:10.044 DEBUG [Apache-HttpClient-Conn-Cleaner2] c.n.d.s.MonitoredConnectionManager - Closing connections idle longer than 30 SECONDS
2020-九月-28 18:23:10.044 DEBUG [Apache-HttpClient-Conn-Cleaner2] c.n.d.s.NamedConnectionPool - Closing connections idle longer than 30 SECONDS
2020-九月-28 18:23:10.131 DEBUG [Eureka-EvictionTimer] c.n.e.r.AbstractInstanceRegistry - Running the evict task
2020-九月-28 18:23:10.131 DEBUG [Eureka-EvictionTimer] c.n.e.r.AbstractInstanceRegistry - DS: lease expiration is currently disabled.
2020-九月-28 18:23:30.005 DEBUG [Eureka-CacheFillTimer] c.n.e.r.ResponseCacheImpl - Updating the client cache from response cache
2020-九月-28 18:23:40.045 DEBUG [Apache-HttpClient-Conn-Cleaner2] c.n.d.s.MonitoredConnectionManager - Closing connections idle longer than 30 SECONDS
2020-九月-28 18:23:40.045 DEBUG [Apache-HttpClient-Conn-Cleaner2] c.n.d.s.NamedConnectionPool - Closing connections idle longer than 30 SECONDS
2020-九月-28 18:24:00.006 DEBUG [Eureka-CacheFillTimer] c.n.e.r.ResponseCacheImpl - Updating the client cache from response cache
2020-九月-28 18:24:10.047 DEBUG [Apache-HttpClient-Conn-Cleaner2] c.n.d.s.MonitoredConnectionManager - Closing connections idle longer than 30 SECONDS
2020-九月-28 18:24:10.047 DEBUG [Apache-HttpClient-Conn-Cleaner2] c.n.d.s.NamedConnectionPool - Closing connections idle longer than 30 SECONDS
2020-九月-28 18:24:10.132 DEBUG [Eureka-EvictionTimer] c.n.e.r.AbstractInstanceRegistry - Running the evict task
2020-九月-28 18:24:10.132 DEBUG [Eureka-EvictionTimer] c.n.e.r.AbstractInstanceRegistry - DS: lease expiration is currently disabled.
2020-九月-28 18:24:30.007 DEBUG [Eureka-CacheFillTimer] c.n.e.r.ResponseCacheImpl - Updating the client cache from response cache
2020-九月-28 18:24:40.048 DEBUG [Apache-HttpClient-Conn-Cleaner2] c.n.d.s.MonitoredConnectionManager - Closing connections idle longer than 30 SECONDS
2020-九月-28 18:24:40.048 DEBUG [Apache-HttpClient-Conn-Cleaner2] c.n.d.s.NamedConnectionPool - Closing connections idle longer than 30 SECONDS
2020-九月-28 18:25:00.007 DEBUG [Eureka-CacheFillTimer] c.n.e.r.ResponseCacheImpl - Updating the client cache from response cache
2020-九月-28 18:25:10.049 DEBUG [Apache-HttpClient-Conn-Cleaner2] c.n.d.s.MonitoredConnectionManager - Closing connections idle longer than 30 SECONDS
2020-九月-28 18:25:10.049 DEBUG [Apache-HttpClient-Conn-Cleaner2] c.n.d.s.NamedConnectionPool - Closing connections idle longer than 30 SECONDS
2020-九月-28 18:25:10.132 DEBUG [Eureka-EvictionTimer] c.n.e.r.AbstractInstanceRegistry - Running the evict task
2020-九月-28 18:25:10.132 DEBUG [Eureka-EvictionTimer] c.n.e.r.AbstractInstanceRegistry - DS: lease expiration is currently disabled.
2020-九月-28 18:25:30.008 DEBUG [Eureka-CacheFillTimer] c.n.e.r.ResponseCacheImpl - Updating the client cache from response cache
2020-九月-28 18:25:40.051 DEBUG [Apache-HttpClient-Conn-Cleaner2] c.n.d.s.MonitoredConnectionManager - Closing connections idle longer than 30 SECONDS
2020-九月-28 18:25:40.051 DEBUG [Apache-HttpClient-Conn-Cleaner2] c.n.d.s.NamedConnectionPool - Closing connections idle longer than 30 SECONDS
2020-九月-28 18:26:00.008 DEBUG [Eureka-CacheFillTimer] c.n.e.r.ResponseCacheImpl - Updating the client cache from response cache
2020-九月-28 18:26:10.053 DEBUG [Apache-HttpClient-Conn-Cleaner2] c.n.d.s.MonitoredConnectionManager - Closing connections idle longer than 30 SECONDS
2020-九月-28 18:26:10.053 DEBUG [Apache-HttpClient-Conn-Cleaner2] c.n.d.s.NamedConnectionPool - Closing connections idle longer than 30 SECONDS
2020-九月-28 18:26:10.133 DEBUG [Eureka-EvictionTimer] c.n.e.r.AbstractInstanceRegistry - Running the evict task
2020-九月-28 18:26:10.133 DEBUG [Eureka-EvictionTimer] c.n.e.r.AbstractInstanceRegistry - DS: lease expiration is currently disabled.
2020-九月-28 18:26:30.009 DEBUG [Eureka-CacheFillTimer] c.n.e.r.ResponseCacheImpl - Updating the client cache from response cache
2020-九月-28 18:26:40.054 DEBUG [Apache-HttpClient-Conn-Cleaner2] c.n.d.s.MonitoredConnectionManager - Closing connections idle longer than 30 SECONDS
2020-九月-28 18:26:40.054 DEBUG [Apache-HttpClient-Conn-Cleaner2] c.n.d.s.NamedConnectionPool - Closing connections idle longer than 30 SECONDS
2020-九月-28 18:27:00.009 DEBUG [Eureka-CacheFillTimer] c.n.e.r.ResponseCacheImpl - Updating the client cache from response cache
2020-九月-28 18:27:10.049 DEBUG [Eureka-PeerNodesUpdater] c.n.d.e.EndpointUtils - The availability zone for the given region us-east-1 are [defaultZone]
2020-九月-28 18:27:10.055 DEBUG [Apache-HttpClient-Conn-Cleaner2] c.n.d.s.MonitoredConnectionManager - Closing connections idle longer than 30 SECONDS
2020-九月-28 18:27:10.055 DEBUG [Apache-HttpClient-Conn-Cleaner2] c.n.d.s.NamedConnectionPool - Closing connections idle longer than 30 SECONDS
2020-九月-28 18:27:10.134 DEBUG [Eureka-EvictionTimer] c.n.e.r.AbstractInstanceRegistry - Running the evict task
2020-九月-28 18:27:10.134 DEBUG [Eureka-EvictionTimer] c.n.e.r.AbstractInstanceRegistry - DS: lease expiration is currently disabled.
2020-九月-28 18:27:30.009 DEBUG [Eureka-CacheFillTimer] c.n.e.r.ResponseCacheImpl - Updating the client cache from response cache
2020-九月-28 18:27:40.058 DEBUG [Apache-HttpClient-Conn-Cleaner2] c.n.d.s.MonitoredConnectionManager - Closing connections idle longer than 30 SECONDS
2020-九月-28 18:27:40.058 DEBUG [Apache-HttpClient-Conn-Cleaner2] c.n.d.s.NamedConnectionPool - Closing connections idle longer than 30 SECONDS
2020-九月-28 18:28:00.010 DEBUG [Eureka-CacheFillTimer] c.n.e.r.ResponseCacheImpl - Updating the client cache from response cache
2020-九月-28 18:28:10.058 DEBUG [Apache-HttpClient-Conn-Cleaner2] c.n.d.s.MonitoredConnectionManager - Closing connections idle longer than 30 SECONDS
2020-九月-28 18:28:10.058 DEBUG [Apache-HttpClient-Conn-Cleaner2] c.n.d.s.NamedConnectionPool - Closing connections idle longer than 30 SECONDS
2020-九月-28 18:28:10.134 DEBUG [Eureka-EvictionTimer] c.n.e.r.AbstractInstanceRegistry - Running the evict task
2020-九月-28 18:28:10.134 DEBUG [Eureka-EvictionTimer] c.n.e.r.AbstractInstanceRegistry - DS: lease expiration is currently disabled.
2020-九月-28 18:28:30.010 DEBUG [Eureka-CacheFillTimer] c.n.e.r.ResponseCacheImpl - Updating the client cache from response cache
2020-九月-28 18:28:40.060 DEBUG [Apache-HttpClient-Conn-Cleaner2] c.n.d.s.MonitoredConnectionManager - Closing connections idle longer than 30 SECONDS
2020-九月-28 18:28:40.060 DEBUG [Apache-HttpClient-Conn-Cleaner2] c.n.d.s.NamedConnectionPool - Closing connections idle longer than 30 SECONDS
2020-九月-28 18:29:00.010 DEBUG [Eureka-CacheFillTimer] c.n.e.r.ResponseCacheImpl - Updating the client cache from response cache
2020-九月-28 18:29:10.062 DEBUG [Apache-HttpClient-Conn-Cleaner2] c.n.d.s.MonitoredConnectionManager - Closing connections idle longer than 30 SECONDS
2020-九月-28 18:29:10.062 DEBUG [Apache-HttpClient-Conn-Cleaner2] c.n.d.s.NamedConnectionPool - Closing connections idle longer than 30 SECONDS
2020-九月-28 18:29:10.134 DEBUG [Eureka-EvictionTimer] c.n.e.r.AbstractInstanceRegistry - Running the evict task
2020-九月-28 18:29:10.134 DEBUG [Eureka-EvictionTimer] c.n.e.r.AbstractInstanceRegistry - DS: lease expiration is currently disabled.
2020-九月-28 18:29:30.011 DEBUG [Eureka-CacheFillTimer] c.n.e.r.ResponseCacheImpl - Updating the client cache from response cache
2020-九月-28 18:29:40.064 DEBUG [Apache-HttpClient-Conn-Cleaner2] c.n.d.s.MonitoredConnectionManager - Closing connections idle longer than 30 SECONDS
2020-九月-28 18:29:40.064 DEBUG [Apache-HttpClient-Conn-Cleaner2] c.n.d.s.NamedConnectionPool - Closing connections idle longer than 30 SECONDS
2020-九月-28 18:30:00.011 DEBUG [Eureka-CacheFillTimer] c.n.e.r.ResponseCacheImpl - Updating the client cache from response cache
2020-九月-28 18:30:10.066 DEBUG [Apache-HttpClient-Conn-Cleaner2] c.n.d.s.MonitoredConnectionManager - Closing connections idle longer than 30 SECONDS
2020-九月-28 18:30:10.066 DEBUG [Apache-HttpClient-Conn-Cleaner2] c.n.d.s.NamedConnectionPool - Closing connections idle longer than 30 SECONDS
2020-九月-28 18:30:10.135 DEBUG [Eureka-EvictionTimer] c.n.e.r.AbstractInstanceRegistry - Running the evict task
2020-九月-28 18:30:10.135 DEBUG [Eureka-EvictionTimer] c.n.e.r.AbstractInstanceRegistry - DS: lease expiration is currently disabled.
2020-九月-28 18:30:30.011 DEBUG [Eureka-CacheFillTimer] c.n.e.r.ResponseCacheImpl - Updating the client cache from response cache
2020-九月-28 18:30:40.066 DEBUG [Apache-HttpClient-Conn-Cleaner2] c.n.d.s.MonitoredConnectionManager - Closing connections idle longer than 30 SECONDS
2020-九月-28 18:30:40.066 DEBUG [Apache-HttpClient-Conn-Cleaner2] c.n.d.s.NamedConnectionPool - Closing connections idle longer than 30 SECONDS
2020-九月-28 18:31:00.012 DEBUG [Eureka-CacheFillTimer] c.n.e.r.ResponseCacheImpl - Updating the client cache from response cache
2020-九月-28 18:31:10.066 DEBUG [Apache-HttpClient-Conn-Cleaner2] c.n.d.s.MonitoredConnectionManager - Closing connections idle longer than 30 SECONDS
2020-九月-28 18:31:10.066 DEBUG [Apache-HttpClient-Conn-Cleaner2] c.n.d.s.NamedConnectionPool - Closing connections idle longer than 30 SECONDS
2020-九月-28 18:31:10.136 DEBUG [Eureka-EvictionTimer] c.n.e.r.AbstractInstanceRegistry - Running the evict task
2020-九月-28 18:31:10.136 DEBUG [Eureka-EvictionTimer] c.n.e.r.AbstractInstanceRegistry - DS: lease expiration is currently disabled.
2020-九月-28 18:31:30.013 DEBUG [Eureka-CacheFillTimer] c.n.e.r.ResponseCacheImpl - Updating the client cache from response cache
2020-九月-28 18:31:40.068 DEBUG [Apache-HttpClient-Conn-Cleaner2] c.n.d.s.MonitoredConnectionManager - Closing connections idle longer than 30 SECONDS
2020-九月-28 18:31:40.068 DEBUG [Apache-HttpClient-Conn-Cleaner2] c.n.d.s.NamedConnectionPool - Closing connections idle longer than 30 SECONDS
2020-九月-28 18:32:00.013 DEBUG [Eureka-CacheFillTimer] c.n.e.r.ResponseCacheImpl - Updating the client cache from response cache
2020-九月-28 18:32:10.052 DEBUG [StatsMonitor-0] c.n.s.m.StatsMonitor - Expiring unused StatsMonitor eurekaServer.replication.batchSize
2020-九月-28 18:32:10.052 DEBUG [StatsMonitor-0] c.n.s.m.StatsMonitor - Expiring unused StatsMonitor eurekaServer.replication.executionTime
2020-九月-28 18:32:10.061 DEBUG [StatsMonitor-0] c.n.s.m.StatsMonitor - Expiring unused StatsMonitor eurekaServer.replication.batchSize
2020-九月-28 18:32:10.061 DEBUG [StatsMonitor-0] c.n.s.m.StatsMonitor - Expiring unused StatsMonitor eurekaServer.replication.executionTime
2020-九月-28 18:32:10.069 DEBUG [Apache-HttpClient-Conn-Cleaner2] c.n.d.s.MonitoredConnectionManager - Closing connections idle longer than 30 SECONDS
2020-九月-28 18:32:10.069 DEBUG [Apache-HttpClient-Conn-Cleaner2] c.n.d.s.NamedConnectionPool - Closing connections idle longer than 30 SECONDS
2020-九月-28 18:32:10.138 DEBUG [Eureka-EvictionTimer] c.n.e.r.AbstractInstanceRegistry - Running the evict task
2020-九月-28 18:32:10.138 DEBUG [Eureka-EvictionTimer] c.n.e.r.AbstractInstanceRegistry - DS: lease expiration is currently disabled.
2020-九月-28 18:32:30.014 DEBUG [Eureka-CacheFillTimer] c.n.e.r.ResponseCacheImpl - Updating the client cache from response cache
2020-九月-28 18:32:40.071 DEBUG [Apache-HttpClient-Conn-Cleaner2] c.n.d.s.MonitoredConnectionManager - Closing connections idle longer than 30 SECONDS
2020-九月-28 18:32:40.071 DEBUG [Apache-HttpClient-Conn-Cleaner2] c.n.d.s.NamedConnectionPool - Closing connections idle longer than 30 SECONDS
